2021-05-20T23:41:59.259 [INFO] [Progress saved] [nZuKmSutceTrRlHFzj6Lm7sVkl92] [Bicep_Curl_Count] [15]
2021-05-20T23:42:34.508 [INFO] [Progress saved] [nZuKmSutceTrRlHFzj6Lm7sVkl92] [Bicep_Curl_Count] [30]
2021-05-20T23:42:37.685 [INFO] [Stats for bicep curls] [nZuKmSutceTrRlHFzj6Lm7sVkl92] [Times_progress_saved] [2]
2021-05-21T00:42:09.124 [INFO] [Progress saved] [IMSNMrVa6AMpq4e9GmyufoKFaor2] [Bicep_Curl_Count] [17]
2021-05-21T00:42:18.533 [INFO] [Progress saved] [IMSNMrVa6AMpq4e9GmyufoKFaor2] [Bicep_Curl_Count] [27]
2021-05-21T00:42:34.121 [INFO] [Progress saved] [IMSNMrVa6AMpq4e9GmyufoKFaor2] [Bicep_Curl_Count] [43]
2021-05-21T00:42:42.816 [INFO] [Progress saved] [IMSNMrVa6AMpq4e9GmyufoKFaor2] [Bicep_Curl_Count] [50]
2021-05-21T00:42:47.123 [INFO] [Stats for bicep curls] [IMSNMrVa6AMpq4e9GmyufoKFaor2] [Times_progress_saved] [4]
2021-05-21T00:43:08.739 [INFO] [Progress saved] [IMSNMrVa6AMpq4e9GmyufoKFaor2] [Bicep_Curl_Count] [15]
2021-05-21T00:43:09.459 [INFO] [Stats for bicep curls] [IMSNMrVa6AMpq4e9GmyufoKFaor2] [Times_progress_saved] [5]
2021-05-21T10:57:37.590 [INFO] [User creation] [aBpvcKbPp4cikwSaAOLlHRHOZif1] [Status] [Success]
2021-05-21T11:31:06.618 [INFO] [User creation] [Vwz1N5n8H4VBko1fk7ISwAjpBHy1] [Status] [Success]
2021-05-21T11:51:16.845 [INFO] [User creation] [F5UwtqLg8vRHJagWjbicH7Opd7g2] [Status] [Success]
2021-05-21T11:52:05.848 [INFO] [Progress saved] [F5UwtqLg8vRHJagWjbicH7Opd7g2] [Bicep_Curl_Count] [5]
2021-05-21T11:52:17.651 [INFO] [Progress saved] [F5UwtqLg8vRHJagWjbicH7Opd7g2] [Bicep_Curl_Count] [5]
2021-05-21T11:52:28.409 [INFO] [Progress saved] [F5UwtqLg8vRHJagWjbicH7Opd7g2] [Bicep_Curl_Count] [10]
2021-05-21T11:52:54.828 [INFO] [Progress saved] [F5UwtqLg8vRHJagWjbicH7Opd7g2] [Bicep_Curl_Count] [15]
2021-05-21T11:52:58.797 [INFO] [Stats for bicep curls] [F5UwtqLg8vRHJagWjbicH7Opd7g2] [Times_progress_saved] [4]
2021-05-21T11:53:22.082 [INFO] [Progress saved] [F5UwtqLg8vRHJagWjbicH7Opd7g2] [Bicep_Curl_Count] [10]
2021-05-21T11:54:05.504 [INFO] [User creation] [pRp1J6n8MxU9aBNuDapi92t5qGG3] [Status] [Success]
2021-05-21T11:54:28.934 [INFO] [Progress saved] [pRp1J6n8MxU9aBNuDapi92t5qGG3] [Bicep_Curl_Count] [12]
2021-05-21T11:55:16.261 [INFO] [Progress saved] [F5UwtqLg8vRHJagWjbicH7Opd7g2] [Bicep_Curl_Count] [12]
2021-05-21T11:55:18.125 [INFO] [Stats for bicep curls] [F5UwtqLg8vRHJagWjbicH7Opd7g2] [Times_progress_saved] [6]
2021-05-21T11:56:14.505 [INFO] [Progress saved] [Vwz1N5n8H4VBko1fk7ISwAjpBHy1] [Bicep_Curl_Count] [20]
2021-05-21T11:56:31.143 [INFO] [Progress saved] [Vwz1N5n8H4VBko1fk7ISwAjpBHy1] [Bicep_Curl_Count] [10]
2021-05-21T11:56:55.564 [INFO] [Progress saved] [Vwz1N5n8H4VBko1fk7ISwAjpBHy1] [Bicep_Curl_Count] [15]
2021-05-21T11:56:56.818 [INFO] [Stats for bicep curls] [Vwz1N5n8H4VBko1fk7ISwAjpBHy1] [Times_progress_saved] [3]
2021-05-21T11:57:15.779 [INFO] [Progress saved] [Vwz1N5n8H4VBko1fk7ISwAjpBHy1] [Bicep_Curl_Count] [5]
2021-05-21T11:57:17.176 [INFO] [Progress saved] [Vwz1N5n8H4VBko1fk7ISwAjpBHy1] [Bicep_Curl_Count] [5]
2021-05-21T11:57:19.155 [INFO] [Stats for bicep curls] [Vwz1N5n8H4VBko1fk7ISwAjpBHy1] [Times_progress_saved] [5]
2021-05-21T15:50:09.824 [INFO] [Stats for bicep curls] [dsWMR00bzBei3jKofmMxutiijFf2] [Times_progress_saved] [15]
2021-05-21T15:52:55.032 [INFO] [User creation] [BvhFzaCdyvNwpSfvuv8OKdKiVRy2] [Status] [Success]
